-------------------------------------------------------------------------------
Test set: com.howtodoinjava.demo.SpringBootDemoApplicationTests
-------------------------------------------------------------------------------
Tests run: 1, Failures: 0, Errors: 1, Skipped: 0, Time elapsed: 0.363 s <<< FAILURE! - in com.howtodoinjava.demo.SpringBootDemoApplicationTests
initializationError(com.howtodoinjava.demo.SpringBootDemoApplicationTests)  Time elapsed: 0.002 s  <<< ERROR!
java.lang.IllegalStateException: Unable to find a @SpringBootConfiguration, you need to use @ContextConfiguration or @SpringBootTest(classes=...) with your test

